MovieTicketApp/app/build/intermediates/manifest_merge_blame_file/debug/manifest-merger-blame-debug-report.txt
1<?xml version="1.0" encoding="utf-8"?>
2<manifest xmlns:android="http://schemas.android.com/apk/res/android"
3    package="com.example.movieticketapp"
4    android:versionCode="1"
5    android:versionName="1.0" >
6
7    <uses-sdk
8        android:minSdkVersion="16"
8-->src\main\AndroidManifest.xml
9        android:targetSdkVersion="30" />
9-->src\main\AndroidManifest.xml
10
11    <!-- Although the *SdkVersion is captured in gradle build files, this is required for non gradle builds -->
12    <!-- <uses-sdk android:minSdkVersion="14" /> -->
13    <uses-permission android:name="android.permission.ACCESS_NETWORK_STATE" />
13-->[com.google.firebase:firebase-firestore:22.1.2] AndroidManifest.xml:13:5-79
13-->[com.google.firebase:firebase-firestore:22.1.2] AndroidManifest.xml:13:22-76
14    <uses-permission android:name="android.permission.INTERNET" />
14-->[com.google.firebase:firebase-firestore:22.1.2] AndroidManifest.xml:14:5-67
14-->[com.google.firebase:firebase-firestore:22.1.2] AndroidManifest.xml:14:22-64
15
16    <application
16-->src\main\AndroidManifest.xml:5:5-37:19
17        android:name="androidx.multidex.MultiDexApplication"
18        android:allowBackup="true"
18-->src\main\AndroidManifest.xml:6:9-35
19        android:appComponentFactory="androidx.core.app.CoreComponentFactory"
19-->[androidx.core:core:1.3.1] AndroidManifest.xml:24:18-86
20        android:debuggable="true"
21        android:icon="@mipmap/ic_launcher"
21-->src\main\AndroidManifest.xml:7:9-43
22        android:label="@string/app_name"
22-->src\main\AndroidManifest.xml:8:9-41
23        android:roundIcon="@mipmap/ic_launcher_round"
23-->src\main\AndroidManifest.xml:9:9-54
24        android:supportsRtl="true"
24-->src\main\AndroidManifest.xml:10:9-35
25        android:testOnly="true"
26        android:theme="@style/Theme.MovieTicketApp" >
26-->src\main\AndroidManifest.xml:11:9-52
27        <activity
27-->src\main\AndroidManifest.xml:12:9-21:20
28            android:name="com.example.movieticketapp.login.Login"
28-->src\main\AndroidManifest.xml:13:13-40
29            android:label="@string/title_activity_login" >
29-->src\main\AndroidManifest.xml:14:13-57
30            <intent-filter>
30-->src\main\AndroidManifest.xml:16:13-20:29
31                <action android:name="android.intent.action.MAIN" />
31-->src\main\AndroidManifest.xml:17:17-69
31-->src\main\AndroidManifest.xml:17:25-66
32
33                <category android:name="android.intent.category.LAUNCHER" />
33-->src\main\AndroidManifest.xml:19:17-77
33-->src\main\AndroidManifest.xml:19:27-74
34            </intent-filter>
35        </activity>
36        <activity
36-->src\main\AndroidManifest.xml:23:9-27:20
37            android:name="com.example.movieticketapp.login.Register"
37-->src\main\AndroidManifest.xml:23:19-49
38            android:label="@string/title_activity_register" >
38-->src\main\AndroidManifest.xml:24:13-62
39        </activity>
40        <activity
40-->src\main\AndroidManifest.xml:29:9-32:20
41            android:name="com.example.movieticketapp.HomeActivity"
41-->src\main\AndroidManifest.xml:29:19-47
42            android:label="@string/home_activity" >
42-->src\main\AndroidManifest.xml:30:13-50
43        </activity>
44        <activity
44-->src\main\AndroidManifest.xml:33:9-36:20
45            android:name="com.example.movieticketapp.MainActivity"
45-->src\main\AndroidManifest.xml:34:13-41
46            android:label="@string/app_name" >
46-->src\main\AndroidManifest.xml:35:13-45
47        </activity>
48
49        <service
49-->[com.google.firebase:firebase-firestore:22.1.2] AndroidManifest.xml:17:9-23:19
50            android:name="com.google.firebase.components.ComponentDiscoveryService"
50-->[com.google.firebase:firebase-firestore:22.1.2] AndroidManifest.xml:18:13-84
51            android:directBootAware="true"
51-->[com.google.firebase:firebase-common:19.5.0] AndroidManifest.xml:35:13-43
52            android:exported="false" >
52-->[com.google.firebase:firebase-firestore:22.1.2] AndroidManifest.xml:19:13-37
53            <meta-data
53-->[com.google.firebase:firebase-firestore:22.1.2] AndroidManifest.xml:20:13-22:85
54                android:name="com.google.firebase.components:com.google.firebase.firestore.FirestoreRegistrar"
54-->[com.google.firebase:firebase-firestore:22.1.2] AndroidManifest.xml:21:17-111
55                android:value="com.google.firebase.components.ComponentRegistrar" />
55-->[com.google.firebase:firebase-firestore:22.1.2] AndroidManifest.xml:22:17-82
56            <meta-data
56-->[com.google.firebase:firebase-auth:19.2.0] AndroidManifest.xml:36:13-38:85
57                android:name="com.google.firebase.components:com.google.firebase.auth.FirebaseAuthRegistrar"
57-->[com.google.firebase:firebase-auth:19.2.0] AndroidManifest.xml:37:17-109
58                android:value="com.google.firebase.components.ComponentRegistrar" />
58-->[com.google.firebase:firebase-auth:19.2.0] AndroidManifest.xml:38:17-82
59            <!--
60                This registrar is not defined in the dynamic-module-support sdk itself to allow non-firebase
61                clients to use it as well, by defining this registrar in their own core/common library.
62            -->
63            <meta-data
63-->[com.google.firebase:firebase-common:19.5.0] AndroidManifest.xml:43:13-45:85
64                android:name="com.google.firebase.components:com.google.firebase.dynamicloading.DynamicLoadingRegistrar"
64-->[com.google.firebase:firebase-common:19.5.0] AndroidManifest.xml:44:17-121
65                android:value="com.google.firebase.components.ComponentRegistrar" />
65-->[com.google.firebase:firebase-common:19.5.0] AndroidManifest.xml:45:17-82
66        </service>
67
68        <activity
68-->[com.google.firebase:firebase-auth:19.2.0] AndroidManifest.xml:24:9-31:50
69            android:name="com.google.firebase.auth.internal.FederatedSignInActivity"
69-->[com.google.firebase:firebase-auth:19.2.0] AndroidManifest.xml:25:13-85
70            android:excludeFromRecents="true"
70-->[com.google.firebase:firebase-auth:19.2.0] AndroidManifest.xml:26:13-46
71            android:exported="true"
71-->[com.google.firebase:firebase-auth:19.2.0] AndroidManifest.xml:27:13-36
72            android:launchMode="singleTask"
72-->[com.google.firebase:firebase-auth:19.2.0] AndroidManifest.xml:28:13-44
73            android:permission="com.google.firebase.auth.api.gms.permission.LAUNCH_FEDERATED_SIGN_IN"
73-->[com.google.firebase:firebase-auth:19.2.0] AndroidManifest.xml:29:13-102
74            android:theme="@android:style/Theme.Translucent.NoTitleBar" />
74-->[com.google.firebase:firebase-auth:19.2.0] AndroidManifest.xml:30:13-72
75        <activity
75-->[com.google.android.gms:play-services-base:17.1.0] AndroidManifest.xml:23:9-26:75
76            android:name="com.google.android.gms.common.api.GoogleApiActivity"
76-->[com.google.android.gms:play-services-base:17.1.0] AndroidManifest.xml:24:13-79
77            android:exported="false"
77-->[com.google.android.gms:play-services-base:17.1.0] AndroidManifest.xml:25:13-37
78            android:theme="@android:style/Theme.Translucent.NoTitleBar" />
78-->[com.google.android.gms:play-services-base:17.1.0] AndroidManifest.xml:26:13-72
79
80        <provider
80-->[com.google.firebase:firebase-common:19.5.0] AndroidManifest.xml:26:9-31:39
81            android:name="com.google.firebase.provider.FirebaseInitProvider"
81-->[com.google.firebase:firebase-common:19.5.0] AndroidManifest.xml:27:13-77
82            android:authorities="com.example.movieticketapp.firebaseinitprovider"
82-->[com.google.firebase:firebase-common:19.5.0] AndroidManifest.xml:28:13-72
83            android:directBootAware="true"
83-->[com.google.firebase:firebase-common:19.5.0] AndroidManifest.xml:29:13-43
84            android:exported="false"
84-->[com.google.firebase:firebase-common:19.5.0] AndroidManifest.xml:30:13-37
85            android:initOrder="100" />
85-->[com.google.firebase:firebase-common:19.5.0] AndroidManifest.xml:31:13-36
86
87        <meta-data
87-->[com.google.android.gms:play-services-basement:17.0.0] AndroidManifest.xml:23:9-25:69
88            android:name="com.google.android.gms.version"
88-->[com.google.android.gms:play-services-basement:17.0.0] AndroidManifest.xml:24:13-58
89            android:value="@integer/google_play_services_version" />
89-->[com.google.android.gms:play-services-basement:17.0.0] AndroidManifest.xml:25:13-66
90
91        <provider
91-->[androidx.lifecycle:lifecycle-process:2.2.0] AndroidManifest.xml:25:9-29:43
92            android:name="androidx.lifecycle.ProcessLifecycleOwnerInitializer"
92-->[androidx.lifecycle:lifecycle-process:2.2.0] AndroidManifest.xml:26:13-79
93            android:authorities="com.example.movieticketapp.lifecycle-process"
93-->[androidx.lifecycle:lifecycle-process:2.2.0] AndroidManifest.xml:27:13-69
94            android:exported="false"
94-->[androidx.lifecycle:lifecycle-process:2.2.0] AndroidManifest.xml:28:13-37
95            android:multiprocess="true" />
95-->[androidx.lifecycle:lifecycle-process:2.2.0] AndroidManifest.xml:29:13-40
96    </application>
97
98</manifest>